<?xml version="1.0" encoding="UTF-8"?>
<!-- Generated by org.testng.reporters.JUnitReportReporter -->
<testsuite hostname="HYD-DT8005" failures="0" tests="3" name="listeners.testnglisterner" time="0.022" errors="0" timestamp="2022-06-14T16:16:13 IST" skipped="1">
  <testcase classname="listeners.testnglisterner" name="test5" time="0.004"/>
  <system-out/>
  <testcase classname="listeners.testnglisterner" name="test6" time="0.005">
    <skipped/>
  </testcase> <!-- test6 -->
  <system-out/>
  <testcase classname="listeners.testnglisterner" name="test4" time="0.013"/>
  <system-out/>
</testsuite> <!-- listeners.testnglisterner -->
