<?xml version="1.0" encoding="UTF-8"?>
<!-- Generated by org.testng.reporters.JUnitReportReporter -->
<testsuite hostname="HYD-DT8005" failures="0" tests="5" name="PriorityAlbhabetical" time="0.036" errors="0" timestamp="2022-05-23T17:51:10 IST" skipped="0">
  <testcase classname="PriorityAlbhabetical" name="b_method" time="0.005"/>
  <system-out/>
  <testcase classname="PriorityAlbhabetical" name="e_method" time="0.003"/>
  <system-out/>
  <testcase classname="PriorityAlbhabetical" name="c_method" time="0.008"/>
  <system-out/>
  <testcase classname="PriorityAlbhabetical" name="a_method" time="0.016"/>
  <system-out/>
  <testcase classname="PriorityAlbhabetical" name="d_method" time="0.004"/>
  <system-out/>
</testsuite> <!-- PriorityAlbhabetical -->
