<?xml version="1.0" encoding="UTF-8"?>
<!-- Generated by org.testng.reporters.JUnitReportReporter -->
<testsuite hostname="HYD-DT8005" failures="0" tests="3" name="listeners.testnglisterner2" time="0.026" errors="0" timestamp="2022-06-15T15:17:30 IST" skipped="1">
  <testcase classname="listeners.testnglisterner2" name="test2" time="0.005"/>
  <system-out/>
  <testcase classname="listeners.testnglisterner2" name="test3" time="0.006">
    <skipped/>
  </testcase> <!-- test3 -->
  <system-out/>
  <testcase classname="listeners.testnglisterner2" name="test1" time="0.015"/>
  <system-out/>
</testsuite> <!-- listeners.testnglisterner2 -->
