<?xml version="1.0" encoding="UTF-8"?>
<!-- Generated by org.testng.reporters.JUnitReportReporter -->
<testsuite hostname="HYD-DT8005" failures="0" tests="1" name="com.suite1.DragandDrop" time="19.725" errors="0" timestamp="2022-06-15T12:12:10 IST" skipped="0">
  <testcase classname="com.suite1.DragandDrop" name="DragnDrop" time="19.725"/>
  <system-out/>
</testsuite> <!-- com.suite1.DragandDrop -->
