<?xml version="1.0" encoding="UTF-8"?>
<!-- Generated by org.testng.reporters.JUnitReportReporter -->
<testsuite hostname="HYD-DT8005" failures="0" tests="1" name="com.suite1.Parallel" time="5.443" errors="0" timestamp="2022-05-25T17:06:44 IST" skipped="0">
  <testcase classname="com.suite1.Parallel" name="ChromeTestMethod" time="5.443"/>
  <system-out/>
</testsuite> <!-- com.suite1.Parallel -->
